Using pre-set license
Built from '2021.1/staging' branch; Version is '2021.1.12f1 (afcadd793de6) revision 11520733'; Using compiler version '192528614'; Build Type 'Release'
OS: 'Windows 7  (6.1.0) 64bit' Language: 'ru' Physical Memory: 3977 MB
BatchMode: 1, IsHumanControllingUs: 0, StartBugReporterOnCrash: 0, Is64bit: 1, IsPro: 0

 COMMAND LINE ARGUMENTS:
D:\Unity\1\2021.1.12f1\Editor\Unity.exe
-adb2
-batchMode
-noUpm
-name
AssetImportWorker2
-projectPath
C:/Users/Администратор/Documents/GitHub/GnomikGomik
-logFile
Logs/AssetImportWorker2.log
-srvPort
55702
Successfully changed project path to: C:/Users/Администратор/Documents/GitHub/GnomikGomik
C:/Users/Администратор/Documents/GitHub/GnomikGomik
Using Asset Import Pipeline V2.
Refreshing native plugins compatible for Editor in 115.25 ms, found 3 plugins.
Preloading 0 native plugins for Editor in 0.00 ms.
Initialize engine version: 2021.1.12f1 (afcadd793de6)
[Subsystems] Discovering subsystems at path D:/Unity/1/2021.1.12f1/Editor/Data/Resources/UnitySubsystems
[Subsystems] Discovering subsystems at path C:/Users/Администратор/Documents/GitHub/GnomikGomik/Assets
GfxDevice: creating device client; threaded=0; jobified=0
d3d11: CreateDXGIFactory2(...) not found, fallbacking to CreateDXGIFactory1(...).
d3d11: D3D_FEATURE_LEVEL_11_1 not-recognized (only 11.0 runtime installed?)
d3d11: QueryInterface(IDXGIFactory5) failed (80004002).
Direct3D:
    Version:  Direct3D 11.0 [level 11.0]
    Renderer: Intel(R) HD Graphics 4000 (ID=0x166)
    Vendor:   Intel
    VRAM:     1632 MB
    Driver:   10.18.10.4425
Initialize mono
Mono path[0] = 'D:/Unity/1/2021.1.12f1/Editor/Data/Managed'
Mono path[1] = 'D:/Unity/1/2021.1.12f1/Editor/Data/MonoBleedingEdge/lib/mono/unityjit'
Mono config path = 'D:/Unity/1/2021.1.12f1/Editor/Data/MonoBleedingEdge/etc'
Using monoOptions --debugger-agent=transport=dt_socket,embedding=1,server=y,suspend=n,address=127.0.0.1:56896
Begin MonoManager ReloadAssembly
Registering precompiled unity dll's ...
Register platform support module: D:/Unity/1/2021.1.12f1/Editor/Data/PlaybackEngines/WindowsStandaloneSupport/UnityEditor.WindowsStandalone.Extensions.dll
Registered in 0.001242 seconds.
Native extension for WindowsStandalone target not found
Refreshing native plugins compatible for Editor in 125.64 ms, found 3 plugins.
Preloading 0 native plugins for Editor in 0.00 ms.
Mono: successfully reloaded assembly
- Completed reload, in  2.216 seconds
Domain Reload Profiling:
	ReloadAssembly (2216ms)
		BeginReloadAssembly (65ms)
			ExecutionOrderSort (0ms)
			DisableScriptedObjects (0ms)
			BackupInstance (0ms)
			ReleaseScriptingObjects (0ms)
			CreateAndSetChildDomain (1ms)
		EndReloadAssembly (680ms)
			LoadAssemblies (64ms)
			RebuildTransferFunctionScriptingTraits (0ms)
			SetupTypeCache (237ms)
			ReleaseScriptCaches (0ms)
			RebuildScriptCaches (46ms)
			SetupLoadedEditorAssemblies (334ms)
				LogAssemblyErrors (0ms)
				InitializePlatformSupportModulesInManaged (9ms)
				SetLoadedEditorAssemblies (0ms)
				RefreshPlugins (126ms)
				BeforeProcessingInitializeOnLoad (2ms)
				ProcessInitializeOnLoadAttributes (153ms)
				ProcessInitializeOnLoadMethodAttributes (44ms)
				AfterProcessingInitializeOnLoad (0ms)
				EditorAssembliesLoaded (0ms)
			ExecutionOrderSort2 (0ms)
			AwakeInstancesAfterBackupRestoration (0ms)
Platform modules already initialized, skipping
Registering precompiled user dll's ...
Registered in 0.004906 seconds.
Begin MonoManager ReloadAssembly
Symbol file LoadedFromMemory doesn't match image C:\Users\Администратор\Documents\GitHub\GnomikGomik\Library\PackageCache\com.unity.visualscripting@1.6.1\Editor\VisualScripting.Core\Dependencies\YamlDotNet\Unity.VisualScripting.YamlDotNet.dll
Symbol file LoadedFromMemory doesn't match image C:\Users\Администратор\Documents\GitHub\GnomikGomik\Library\PackageCache\com.unity.visualscripting@1.6.1\Editor\VisualScripting.Core\Dependencies\DotNetZip\Unity.VisualScripting.IonicZip.dll
Native extension for WindowsStandalone target not found
Refreshing native plugins compatible for Editor in 0.83 ms, found 3 plugins.
Preloading 0 native plugins for Editor in 0.00 ms.
Mono: successfully reloaded assembly
- Completed reload, in  2.266 seconds
Domain Reload Profiling:
	ReloadAssembly (2267ms)
		BeginReloadAssembly (225ms)
			ExecutionOrderSort (0ms)
			DisableScriptedObjects (7ms)
			BackupInstance (0ms)
			ReleaseScriptingObjects (0ms)
			CreateAndSetChildDomain (22ms)
		EndReloadAssembly (1962ms)
			LoadAssemblies (706ms)
			RebuildTransferFunctionScriptingTraits (0ms)
			SetupTypeCache (526ms)
			ReleaseScriptCaches (1ms)
			RebuildScriptCaches (77ms)
			SetupLoadedEditorAssemblies (452ms)
				LogAssemblyErrors (0ms)
				InitializePlatformSupportModulesInManaged (7ms)
				SetLoadedEditorAssemblies (1ms)
				RefreshPlugins (1ms)
				BeforeProcessingInitializeOnLoad (93ms)
				ProcessInitializeOnLoadAttributes (341ms)
				ProcessInitializeOnLoadMethodAttributes (7ms)
				AfterProcessingInitializeOnLoad (2ms)
				EditorAssembliesLoaded (0ms)
			ExecutionOrderSort2 (0ms)
			AwakeInstancesAfterBackupRestoration (10ms)
Platform modules already initialized, skipping
========================================================================
Worker process is ready to serve import requests
Launched and connected shader compiler UnityShaderCompiler.exe after 0.63 seconds
Refreshing native plugins compatible for Editor in 0.84 ms, found 3 plugins.
Preloading 0 native plugins for Editor in 0.00 ms.
Unloading 2941 Unused Serialized files (Serialized files now loaded: 0)
System memory in use before: 105.5 MB.
System memory in use after: 105.7 MB.

Unloading 23 unused Assets to reduce memory usage. Loaded Objects now: 3385.
Total: 12.028226 ms (FindLiveObjects: 0.326363 ms CreateObjectMapping: 0.180629 ms MarkObjects: 11.414499 ms  DeleteObjects: 0.104272 ms)

AssetImportParameters requested are different than current active one (requested -> active):
  custom:framework-win-MediaFoundation: 216162199b28c13a410421893ffa2e32 -> 
  custom:video-decoder-ogg-theora: a1e56fd34408186e4bbccfd4996cb3dc -> 
  custom:container-muxer-webm: aa71ff27fc2769a1b78a27578f13a17b -> 
  custom:container-demuxer-webm: 4f35f7cbe854078d1ac9338744f61a02 -> 
  custom:container-demuxer-ogg: 62fdf1f143b41e24485cea50d1cbac27 -> 
  custom:video-encoder-webm-vp8: eb34c28f22e8b96e1ab97ce403110664 -> 
  custom:video-decoder-webm-vp8: 9c59270c3fd7afecdb556c50c9e8de78 -> 
  custom:audio-decoder-ogg-vorbis: bf7c407c2cedff20999df2af8eb42d56 -> 
  custom:audio-encoder-webm-vorbis: bf7c407c2cedff20999df2af8eb42d56 -> 
========================================================================
Received Import Request.
  path: Assets/Scripts
  artifactKey: Guid(50522be32b470a948aaad76b62dd6925) Importer(815301076,1909f56bfc062723c751e8b465ee728b)
Start importing Assets/Scripts using Guid(50522be32b470a948aaad76b62dd6925) Importer(815301076,1909f56bfc062723c751e8b465ee728b)  -> (artifact id: 'f283d8b92b6b86d48b53c1366be7ebc6') in 0.013742 seconds 
========================================================================
Received Import Request.
  Time since last request: 0.000438 seconds.
  path: Assets
  artifactKey: Guid(00000000000000001000000000000000) Importer(815301076,1909f56bfc062723c751e8b465ee728b)
Start importing Assets using Guid(00000000000000001000000000000000) Importer(815301076,1909f56bfc062723c751e8b465ee728b)  -> (artifact id: '42d402b061de3733987d63b9cc3b64de') in 0.002373 seconds 
========================================================================
Received Import Request.
  Time since last request: 2.164099 seconds.
  path: Assets/Sounds
  artifactKey: Guid(962a50ebdecd979489ce02d5915ff786) Importer(815301076,1909f56bfc062723c751e8b465ee728b)
Start importing Assets/Sounds using Guid(962a50ebdecd979489ce02d5915ff786) Importer(815301076,1909f56bfc062723c751e8b465ee728b)  -> (artifact id: '5a470dff8b73c7ecfabd946f9a7f0da1') in 0.002557 seconds 
========================================================================
Received Import Request.
  Time since last request: 15.778844 seconds.
  path: Assets/Sprites
  artifactKey: Guid(16d08eb8e188caf47970638539d0d6a6) Importer(815301076,1909f56bfc062723c751e8b465ee728b)
Start importing Assets/Sprites using Guid(16d08eb8e188caf47970638539d0d6a6) Importer(815301076,1909f56bfc062723c751e8b465ee728b)  -> (artifact id: '1ad68321b5f688bd50c95c62e46ea2b3') in 0.003247 seconds 
========================================================================
Received Import Request.
  Time since last request: 14.946105 seconds.
  path: Assets/Gnome
  artifactKey: Guid(95695120342c1864995f03089920243d) Importer(815301076,1909f56bfc062723c751e8b465ee728b)
Start importing Assets/Gnome using Guid(95695120342c1864995f03089920243d) Importer(815301076,1909f56bfc062723c751e8b465ee728b)  -> (artifact id: '380a61ac6b46f60ce8f77a4f98648be6') in 0.014732 seconds 
========================================================================
Received Import Request.
  Time since last request: 99.241081 seconds.
  path: Assets/App resources
  artifactKey: Guid(4d39a0935cc5e894e844530e9c151b98) Importer(815301076,1909f56bfc062723c751e8b465ee728b)
Start importing Assets/App resources using Guid(4d39a0935cc5e894e844530e9c151b98) Importer(815301076,1909f56bfc062723c751e8b465ee728b)  -> (artifact id: '6c615401e3898822fdf047484e71b579') in 0.002243 seconds 
========================================================================
Received Import Request.
  Time since last request: 8.226686 seconds.
  path: Assets/App Resources
  artifactKey: Guid(4d39a0935cc5e894e844530e9c151b98) Importer(815301076,1909f56bfc062723c751e8b465ee728b)
Start importing Assets/App Resources using Guid(4d39a0935cc5e894e844530e9c151b98) Importer(815301076,1909f56bfc062723c751e8b465ee728b)  -> (artifact id: '9c8db2895ba611f66ae71c2d0a298635') in 0.013493 seconds 
========================================================================
Received Import Request.
  Time since last request: 9.350260 seconds.
  path: Assets/Level
  artifactKey: Guid(787930d2f4f805743a4a2ac3b6f85dbb) Importer(815301076,1909f56bfc062723c751e8b465ee728b)
Start importing Assets/Level using Guid(787930d2f4f805743a4a2ac3b6f85dbb) Importer(815301076,1909f56bfc062723c751e8b465ee728b)  -> (artifact id: '2120dee30e3d41167a4d970bf0d57005') in 0.002876 seconds 
========================================================================
Received Import Request.
  Time since last request: 50.079408 seconds.
  path: Assets/Sprites/Prototype Gnome
  artifactKey: Guid(d8b62612c4102f04e8c33becbcc5cdc1) Importer(815301076,1909f56bfc062723c751e8b465ee728b)
Start importing Assets/Sprites/Prototype Gnome using Guid(d8b62612c4102f04e8c33becbcc5cdc1) Importer(815301076,1909f56bfc062723c751e8b465ee728b)  -> (artifact id: '97b7c8f6eaae4b00ee762f0726d1f483') in 0.021350 seconds 
========================================================================
Received Import Request.
  Time since last request: 0.478474 seconds.
  path: Assets/Sprites/Prototype Gnome/Prototype Arm Holding with Gold.png
  artifactKey: Guid(fedacbcbf903b4523a0df701dac615b5) Importer(815301076,1909f56bfc062723c751e8b465ee728b)
Start importing Assets/Sprites/Prototype Gnome/Prototype Arm Holding with Gold.png using Guid(fedacbcbf903b4523a0df701dac615b5) Importer(815301076,1909f56bfc062723c751e8b465ee728b)  -> (artifact id: 'acb7e7badaf47cda9187702bb2e18acb') in 0.574168 seconds 
========================================================================
Received Import Request.
  Time since last request: 0.000264 seconds.
  path: Assets/Sprites/Prototype Gnome/Prototype Body.png
  artifactKey: Guid(48130b10abc6b4e828b109b634ed6117) Importer(815301076,1909f56bfc062723c751e8b465ee728b)
Start importing Assets/Sprites/Prototype Gnome/Prototype Body.png using Guid(48130b10abc6b4e828b109b634ed6117) Importer(815301076,1909f56bfc062723c751e8b465ee728b)  -> (artifact id: '719ac4e0f93ff1579f553d9b84984b90') in 0.029669 seconds 
========================================================================
Received Import Request.
  Time since last request: 0.000239 seconds.
  path: Assets/Sprites/Prototype Gnome/Prototype Leg Rope.png
  artifactKey: Guid(10fae34584c7d4b68a4c8afb8959e8d9) Importer(815301076,1909f56bfc062723c751e8b465ee728b)
Start importing Assets/Sprites/Prototype Gnome/Prototype Leg Rope.png using Guid(10fae34584c7d4b68a4c8afb8959e8d9) Importer(815301076,1909f56bfc062723c751e8b465ee728b)  -> (artifact id: 'd8be0ae8cf5ffedd6b3d6690508a7ccd') in 0.023655 seconds 
========================================================================
Received Import Request.
  Time since last request: 0.000235 seconds.
  path: Assets/Sprites/Prototype Gnome/Prototype Arm Holding.png
  artifactKey: Guid(a667c51c8a6294549a229a33e0a93ec7) Importer(815301076,1909f56bfc062723c751e8b465ee728b)
Start importing Assets/Sprites/Prototype Gnome/Prototype Arm Holding.png using Guid(a667c51c8a6294549a229a33e0a93ec7) Importer(815301076,1909f56bfc062723c751e8b465ee728b)  -> (artifact id: 'b4862e417113824be308e679a691d814') in 0.032448 seconds 
========================================================================
Received Import Request.
  Time since last request: 0.000218 seconds.
  path: Assets/Sprites/Prototype Gnome/Prototype Leg Dangle.png
  artifactKey: Guid(8577361b90e854f9d80aa405e747af96) Importer(815301076,1909f56bfc062723c751e8b465ee728b)
Start importing Assets/Sprites/Prototype Gnome/Prototype Leg Dangle.png using Guid(8577361b90e854f9d80aa405e747af96) Importer(815301076,1909f56bfc062723c751e8b465ee728b)  -> (artifact id: '655d156f5a4b6a0ef3e8b8dc2296860c') in 0.014541 seconds 
========================================================================
Received Import Request.
  Time since last request: 0.000694 seconds.
  path: Assets/Sprites/Prototype Gnome/Prototype Head.png
  artifactKey: Guid(3351b7ac82e0e42619c05d97772a9724) Importer(815301076,1909f56bfc062723c751e8b465ee728b)
Start importing Assets/Sprites/Prototype Gnome/Prototype Head.png using Guid(3351b7ac82e0e42619c05d97772a9724) Importer(815301076,1909f56bfc062723c751e8b465ee728b)  -> (artifact id: '3fc30c1d1aed1713997c9bfdff2075e1') in 0.015071 seconds 
========================================================================
Received Import Request.
  Time since last request: 0.000272 seconds.
  path: Assets/Sprites/Prototype Gnome/Prototype Arm Loose.png
  artifactKey: Guid(274b2ddb94fd8495ba30a7aef85a0144) Importer(815301076,1909f56bfc062723c751e8b465ee728b)
Start importing Assets/Sprites/Prototype Gnome/Prototype Arm Loose.png using Guid(274b2ddb94fd8495ba30a7aef85a0144) Importer(815301076,1909f56bfc062723c751e8b465ee728b)  -> (artifact id: 'c00fa4d1203b01c6c5f6957d971a88e1') in 0.017165 seconds 
========================================================================
Received Prepare
Registering precompiled user dll's ...
Registered in 0.004321 seconds.
Begin MonoManager ReloadAssembly
Symbol file LoadedFromMemory doesn't match image C:\Users\Администратор\Documents\GitHub\GnomikGomik\Library\PackageCache\com.unity.visualscripting@1.6.1\Editor\VisualScripting.Core\Dependencies\YamlDotNet\Unity.VisualScripting.YamlDotNet.dll
Symbol file LoadedFromMemory doesn't match image C:\Users\Администратор\Documents\GitHub\GnomikGomik\Library\PackageCache\com.unity.visualscripting@1.6.1\Editor\VisualScripting.Core\Dependencies\DotNetZip\Unity.VisualScripting.IonicZip.dll
Native extension for WindowsStandalone target not found
Refreshing native plugins compatible for Editor in 0.76 ms, found 3 plugins.
Preloading 0 native plugins for Editor in 0.00 ms.
Mono: successfully reloaded assembly
- Completed reload, in  1.526 seconds
Domain Reload Profiling:
	ReloadAssembly (1527ms)
		BeginReloadAssembly (122ms)
			ExecutionOrderSort (0ms)
			DisableScriptedObjects (7ms)
			BackupInstance (0ms)
			ReleaseScriptingObjects (0ms)
			CreateAndSetChildDomain (38ms)
		EndReloadAssembly (1324ms)
			LoadAssemblies (111ms)
			RebuildTransferFunctionScriptingTraits (0ms)
			SetupTypeCache (499ms)
			ReleaseScriptCaches (1ms)
			RebuildScriptCaches (61ms)
			SetupLoadedEditorAssemblies (417ms)
				LogAssemblyErrors (0ms)
				InitializePlatformSupportModulesInManaged (7ms)
				SetLoadedEditorAssemblies (1ms)
				RefreshPlugins (1ms)
				BeforeProcessingInitializeOnLoad (69ms)
				ProcessInitializeOnLoadAttributes (330ms)
				ProcessInitializeOnLoadMethodAttributes (7ms)
				AfterProcessingInitializeOnLoad (2ms)
				EditorAssembliesLoaded (0ms)
			ExecutionOrderSort2 (0ms)
			AwakeInstancesAfterBackupRestoration (21ms)
Platform modules already initialized, skipping
Refreshing native plugins compatible for Editor in 0.84 ms, found 3 plugins.
Preloading 0 native plugins for Editor in 0.00 ms.
Unloading 2943 Unused Serialized files (Serialized files now loaded: 0)
System memory in use before: 113.0 MB.
System memory in use after: 113.2 MB.

Unloading 18 unused Assets to reduce memory usage. Loaded Objects now: 3507.
Total: 3.464786 ms (FindLiveObjects: 0.322258 ms CreateObjectMapping: 0.228659 ms MarkObjects: 2.836280 ms  DeleteObjects: 0.075125 ms)

AssetImportParameters requested are different than current active one (requested -> active):
  custom:framework-win-MediaFoundation: 216162199b28c13a410421893ffa2e32 -> 
  custom:video-decoder-ogg-theora: a1e56fd34408186e4bbccfd4996cb3dc -> 
  custom:container-muxer-webm: aa71ff27fc2769a1b78a27578f13a17b -> 
  custom:container-demuxer-webm: 4f35f7cbe854078d1ac9338744f61a02 -> 
  custom:container-demuxer-ogg: 62fdf1f143b41e24485cea50d1cbac27 -> 
  custom:video-encoder-webm-vp8: eb34c28f22e8b96e1ab97ce403110664 -> 
  custom:video-decoder-webm-vp8: 9c59270c3fd7afecdb556c50c9e8de78 -> 
  custom:audio-decoder-ogg-vorbis: bf7c407c2cedff20999df2af8eb42d56 -> 
  custom:audio-encoder-webm-vorbis: bf7c407c2cedff20999df2af8eb42d56 -> 
========================================================================
Received Prepare
Registering precompiled user dll's ...
Registered in 0.007242 seconds.
Begin MonoManager ReloadAssembly
Symbol file LoadedFromMemory doesn't match image C:\Users\Администратор\Documents\GitHub\GnomikGomik\Library\PackageCache\com.unity.visualscripting@1.6.1\Editor\VisualScripting.Core\Dependencies\YamlDotNet\Unity.VisualScripting.YamlDotNet.dll
Symbol file LoadedFromMemory doesn't match image C:\Users\Администратор\Documents\GitHub\GnomikGomik\Library\PackageCache\com.unity.visualscripting@1.6.1\Editor\VisualScripting.Core\Dependencies\DotNetZip\Unity.VisualScripting.IonicZip.dll
Native extension for WindowsStandalone target not found
Refreshing native plugins compatible for Editor in 0.75 ms, found 3 plugins.
Preloading 0 native plugins for Editor in 0.00 ms.
Mono: successfully reloaded assembly
- Completed reload, in  1.590 seconds
Domain Reload Profiling:
	ReloadAssembly (1590ms)
		BeginReloadAssembly (154ms)
			ExecutionOrderSort (0ms)
			DisableScriptedObjects (11ms)
			BackupInstance (0ms)
			ReleaseScriptingObjects (0ms)
			CreateAndSetChildDomain (53ms)
		EndReloadAssembly (1339ms)
			LoadAssemblies (129ms)
			RebuildTransferFunctionScriptingTraits (0ms)
			SetupTypeCache (538ms)
			ReleaseScriptCaches (3ms)
			RebuildScriptCaches (76ms)
			SetupLoadedEditorAssemblies (413ms)
				LogAssemblyErrors (0ms)
				InitializePlatformSupportModulesInManaged (7ms)
				SetLoadedEditorAssemblies (1ms)
				RefreshPlugins (1ms)
				BeforeProcessingInitializeOnLoad (71ms)
				ProcessInitializeOnLoadAttributes (324ms)
				ProcessInitializeOnLoadMethodAttributes (7ms)
				AfterProcessingInitializeOnLoad (2ms)
				EditorAssembliesLoaded (0ms)
			ExecutionOrderSort2 (0ms)
			AwakeInstancesAfterBackupRestoration (24ms)
Platform modules already initialized, skipping
Refreshing native plugins compatible for Editor in 0.88 ms, found 3 plugins.
Preloading 0 native plugins for Editor in 0.00 ms.
Unloading 2936 Unused Serialized files (Serialized files now loaded: 0)
System memory in use before: 112.7 MB.
System memory in use after: 112.9 MB.

Unloading 18 unused Assets to reduce memory usage. Loaded Objects now: 3510.
Total: 5.329777 ms (FindLiveObjects: 0.497139 ms CreateObjectMapping: 0.230712 ms MarkObjects: 4.509148 ms  DeleteObjects: 0.090725 ms)

AssetImportParameters requested are different than current active one (requested -> active):
  custom:framework-win-MediaFoundation: 216162199b28c13a410421893ffa2e32 -> 
  custom:video-decoder-ogg-theora: a1e56fd34408186e4bbccfd4996cb3dc -> 
  custom:container-muxer-webm: aa71ff27fc2769a1b78a27578f13a17b -> 
  custom:container-demuxer-webm: 4f35f7cbe854078d1ac9338744f61a02 -> 
  custom:container-demuxer-ogg: 62fdf1f143b41e24485cea50d1cbac27 -> 
  custom:video-encoder-webm-vp8: eb34c28f22e8b96e1ab97ce403110664 -> 
  custom:video-decoder-webm-vp8: 9c59270c3fd7afecdb556c50c9e8de78 -> 
  custom:audio-decoder-ogg-vorbis: bf7c407c2cedff20999df2af8eb42d56 -> 
  custom:audio-encoder-webm-vorbis: bf7c407c2cedff20999df2af8eb42d56 -> 
